<?xml version="1.0" encoding="UTF-8"?>
<!-- Generated by org.testng.reporters.JUnitXMLReporter -->
<testsuite hostname="sistic-061-nb" ignored="0" name="Default test" tests="3" failures="0" timestamp="2022-07-22T18:05:16 SGT" time="10.809" errors="0">
  <testcase name="verifyNameElement" time="9.342" classname="com.services.api.ValidateAttributes"/>
  <testcase name="verifyCanRelistElement" time="0.523" classname="com.services.api.ValidateAttributes"/>
  <testcase name="verifyPromotionsElement" time="0.848" classname="com.services.api.ValidateAttributes"/>
</testsuite> <!-- Default test -->
