<?xml version="1.0" encoding="UTF-8"?>
<!-- Generated by org.testng.reporters.JUnitXMLReporter -->
<testsuite hostname="sistic-061-nb" ignored="0" name="Default test" tests="3" failures="0" timestamp="2022-07-23T08:18:39 SGT" time="7.01" errors="0">
  <testcase name="verifyNameElement" time="5.674" classname="com.services.api.ValidateAttributes"/>
  <testcase name="verifyCanRelistElement" time="0.344" classname="com.services.api.ValidateAttributes"/>
  <testcase name="verifyPromotionsElement" time="0.921" classname="com.services.api.ValidateAttributes"/>
</testsuite> <!-- Default test -->
